<?xml version="1.0" encoding="UTF-8"?>
<!-- Generated by org.testng.reporters.JUnitReportReporter -->
<testsuite hostname="DESKTOP-15FIN78" failures="0" tests="1" name="firstProject.mytestcases" time="0.036" errors="0" timestamp="2024-10-14T20:31:05 CEST" skipped="0">
  <testcase classname="firstProject.mytestcases" name="SerchAboutMySelf" time="0.036"/>
  <system-out/>
</testsuite> <!-- firstProject.mytestcases -->
